<?xml version="1.0" encoding="UTF-8"?>
<testsuite name="ee.ttu.geocollection.interop.api.builder.search.FluentSearchApiBuilderTest" tests="8" skipped="0" failures="0" errors="0" timestamp="2017-11-02T08:00:42" hostname="seven-7" time="3.105">
  <properties/>
  <testcase name="shouldQueryAndReturnMultipleFields" classname="ee.ttu.geocollection.interop.api.builder.search.FluentSearchApiBuilderTest" time="1.803"/>
  <testcase name="shouldQueryAndReturnField" classname="ee.ttu.geocollection.interop.api.builder.search.FluentSearchApiBuilderTest" time="0.001"/>
  <testcase name="shouldQueryByDepth" classname="ee.ttu.geocollection.interop.api.builder.search.FluentSearchApiBuilderTest" time="0.0"/>
  <testcase name="shouldQueryNotNullId" classname="ee.ttu.geocollection.interop.api.builder.search.FluentSearchApiBuilderTest" time="0.0"/>
  <testcase name="shouldAddReturningField" classname="ee.ttu.geocollection.interop.api.builder.search.FluentSearchApiBuilderTest" time="0.0"/>
  <testcase name="shouldBuildMultiSearch" classname="ee.ttu.geocollection.interop.api.builder.search.FluentSearchApiBuilderTest" time="0.001"/>
  <testcase name="shouldQueryByInstitutions" classname="ee.ttu.geocollection.interop.api.builder.search.FluentSearchApiBuilderTest" time="1.296"/>
  <testcase name="shouldQueryById" classname="ee.ttu.geocollection.interop.api.builder.search.FluentSearchApiBuilderTest" time="0.001"/>
  <system-out><![CDATA[]]></system-out>
  <system-err><![CDATA[]]></system-err>
</testsuite>
