<?xml version="1.0" encoding="UTF-8"?>
<testsuite name="ee.ttu.geocollection.uiTests.UITests" tests="11" skipped="0" failures="0" errors="0" timestamp="2017-11-02T08:01:17" hostname="seven-7" time="55.32">
  <properties/>
  <testcase name="testAboutDatabaseContentLoaded" classname="ee.ttu.geocollection.uiTests.UITests" time="15.826"/>
  <testcase name="testGitContentLoaded" classname="ee.ttu.geocollection.uiTests.UITests" time="4.568"/>
  <testcase name="testGeneralInfoLoaded" classname="ee.ttu.geocollection.uiTests.UITests" time="2.331"/>
  <testcase name="testAboutCollectionsContentLoaded" classname="ee.ttu.geocollection.uiTests.UITests" time="2.631"/>
  <testcase name="testFooterLoadedOnExtendedSearchPage" classname="ee.ttu.geocollection.uiTests.UITests" time="2.376"/>
  <testcase name="testUsingCollectionsContentLoaded" classname="ee.ttu.geocollection.uiTests.UITests" time="2.451"/>
  <testcase name="testFooterLoadedOnMainPage" classname="ee.ttu.geocollection.uiTests.UITests" time="1.431"/>
  <testcase name="testChangeLanguage" classname="ee.ttu.geocollection.uiTests.UITests" time="2.209"/>
  <testcase name="testChooseSearchType" classname="ee.ttu.geocollection.uiTests.UITests" time="14.542"/>
  <testcase name="testShowMap" classname="ee.ttu.geocollection.uiTests.UITests" time="3.854"/>
  <testcase name="testModalWindowIsOpenOnSearchPage" classname="ee.ttu.geocollection.uiTests.UITests" time="3.101"/>
  <system-out><![CDATA[10:01:18,870 |-INFO in ch.qos.logback.classic.LoggerContext[default] - Could NOT find resource [logback.groovy]
10:01:18,870 |-INFO in ch.qos.logback.classic.LoggerContext[default] - Could NOT find resource [logback-test.xml]
10:01:18,870 |-INFO in ch.qos.logback.classic.LoggerContext[default] - Found resource [logback.xml] at [file:/home/seven/Work/geokogud2/build/resources/main/logback.xml]
10:01:19,844 |-INFO in ch.qos.logback.classic.joran.action.ConfigurationAction - debug attribute not set
10:01:19,854 |-INFO in ch.qos.logback.core.joran.action.AppenderAction - About to instantiate appender of type [ch.qos.logback.core.ConsoleAppender]
10:01:19,878 |-INFO in ch.qos.logback.core.joran.action.AppenderAction - Naming appender as [STDOUT]
10:01:20,090 |-WARN in ch.qos.logback.core.ConsoleAppender[STDOUT] - This appender no longer admits a layout as a sub-component, set an encoder instead.
10:01:20,090 |-WARN in ch.qos.logback.core.ConsoleAppender[STDOUT] - To ensure compatibility, wrapping your layout in LayoutWrappingEncoder.
10:01:20,090 |-WARN in ch.qos.logback.core.ConsoleAppender[STDOUT] - See also http://logback.qos.ch/codes.html#layoutInsteadOfEncoder for details
10:01:20,092 |-INFO in ch.qos.logback.classic.joran.action.LoggerAction - Setting level of logger [ee.ttu] to TRACE
10:01:20,092 |-INFO in ch.qos.logback.classic.joran.action.RootLoggerAction - Setting level of ROOT logger to WARN
10:01:20,092 |-INFO in ch.qos.logback.core.joran.action.AppenderRefAction - Attaching appender named [STDOUT] to Logger[ROOT]
10:01:20,093 |-INFO in ch.qos.logback.classic.joran.action.LevelAction - org.springframework.boot.context.web.ErrorPageFilter level set to OFF
10:01:20,093 |-INFO in ch.qos.logback.classic.joran.action.ConfigurationAction - End of configuration.
10:01:20,094 |-INFO in ch.qos.logback.classic.joran.JoranConfigurator@17ea313 - Registering current configuration as safe fallback point

]]></system-out>
  <system-err><![CDATA[Nov 02, 2017 10:01:18 AM org.openqa.selenium.phantomjs.PhantomJSDriverService <init>
INFO: executable: /home/seven/Work/geokogud2/phantomjs/phantomjs-2.1.1-linux-x86_64/bin/phantomjs
Nov 02, 2017 10:01:18 AM org.openqa.selenium.phantomjs.PhantomJSDriverService <init>
INFO: port: 19193
Nov 02, 2017 10:01:18 AM org.openqa.selenium.phantomjs.PhantomJSDriverService <init>
INFO: arguments: [--webdriver=19193, --webdriver-logfile=/home/seven/Work/geokogud2/phantomjsdriver.log]
Nov 02, 2017 10:01:18 AM org.openqa.selenium.phantomjs.PhantomJSDriverService <init>
INFO: environment: {}
[INFO  - 2017-11-02T08:01:26.585Z] GhostDriver - Main - running on port 19193
[INFO  - 2017-11-02T08:01:27.437Z] Session [0731b790-bfa4-11e7-a935-cfa6b7ac2343] - page.settings - {"XSSAuditingEnabled":false,"javascriptCanCloseWindows":true,"javascriptCanOpenWindows":true,"javascriptEnabled":true,"loadImages":true,"localToRemoteUrlAccessEnabled":false,"userAgent":"Mozilla/5.0 (Unknown; Linux x86_64) AppleWebKit/538.1 (KHTML, like Gecko) PhantomJS/2.1.1 Safari/538.1","webSecurityEnabled":true}
[INFO  - 2017-11-02T08:01:27.437Z] Session [0731b790-bfa4-11e7-a935-cfa6b7ac2343] - page.customHeaders:  - {}
[INFO  - 2017-11-02T08:01:27.437Z] Session [0731b790-bfa4-11e7-a935-cfa6b7ac2343] - Session.negotiatedCapabilities - {"browserName":"phantomjs","version":"2.1.1","driverName":"ghostdriver","driverVersion":"1.2.0","platform":"linux-unknown-64bit","javascriptEnabled":true,"takesScreenshot":true,"handlesAlerts":false,"databaseEnabled":false,"locationContextEnabled":false,"applicationCacheEnabled":false,"browserConnectionEnabled":false,"cssSelectorsEnabled":true,"webStorageEnabled":false,"rotatable":false,"acceptSslCerts":false,"nativeEvents":true,"proxy":{"proxyType":"direct"}}
[INFO  - 2017-11-02T08:01:27.437Z] SessionManagerReqHand - _postNewSessionCommand - New Session Created: 0731b790-bfa4-11e7-a935-cfa6b7ac2343
[ERROR - 2017-11-02T08:01:31.793Z] Session [0731b790-bfa4-11e7-a935-cfa6b7ac2343] - page.onError - msg: undefined is not a function (evaluating 'id.date_added.startsWith($scope.yearToShow)')
http://localhost:8081/app/js/main.controller.js:83

  phantomjs://platform/console++.js:263 in error
[ERROR - 2017-11-02T08:01:31.794Z] Session [0731b790-bfa4-11e7-a935-cfa6b7ac2343] - page.onError - stack:
  (anonymous function) (http://localhost:8081/lib/angular/angular.js:14516)

  phantomjs://platform/console++.js:263 in error
[ERROR - 2017-11-02T08:01:31.799Z] Session [0731b790-bfa4-11e7-a935-cfa6b7ac2343] - page.onError - msg: undefined is not a function (evaluating 'id.date_added.startsWith($scope.yearToShow)')
http://localhost:8081/app/js/main.controller.js:83

  phantomjs://platform/console++.js:263 in error
[ERROR - 2017-11-02T08:01:31.800Z] Session [0731b790-bfa4-11e7-a935-cfa6b7ac2343] - page.onError - stack:
  (anonymous function) (http://localhost:8081/lib/angular/angular.js:14516)

  phantomjs://platform/console++.js:263 in error
[ERROR - 2017-11-02T08:01:31.805Z] Session [0731b790-bfa4-11e7-a935-cfa6b7ac2343] - page.onError - msg: undefined is not a function (evaluating 'id.date_added.startsWith($scope.yearToShow)')
http://localhost:8081/app/js/main.controller.js:83

  phantomjs://platform/console++.js:263 in error
[ERROR - 2017-11-02T08:01:31.805Z] Session [0731b790-bfa4-11e7-a935-cfa6b7ac2343] - page.onError - stack:
  (anonymous function) (http://localhost:8081/lib/angular/angular.js:14516)

  phantomjs://platform/console++.js:263 in error
[ERROR - 2017-11-02T08:01:31.818Z] Session [0731b790-bfa4-11e7-a935-cfa6b7ac2343] - page.onError - msg: undefined is not a function (evaluating 'id.date_added.startsWith($scope.yearToShow)')
http://localhost:8081/app/js/main.controller.js:83

  phantomjs://platform/console++.js:263 in error
[ERROR - 2017-11-02T08:01:31.819Z] Session [0731b790-bfa4-11e7-a935-cfa6b7ac2343] - page.onError - stack:
  (anonymous function) (http://localhost:8081/lib/angular/angular.js:14516)

  phantomjs://platform/console++.js:263 in error
[ERROR - 2017-11-02T08:01:32.093Z] Session [0731b790-bfa4-11e7-a935-cfa6b7ac2343] - page.onError - msg: undefined is not a function (evaluating 'id.date_added.startsWith($scope.yearToShow)')
http://localhost:8081/app/js/main.controller.js:83

  phantomjs://platform/console++.js:263 in error
[ERROR - 2017-11-02T08:01:32.093Z] Session [0731b790-bfa4-11e7-a935-cfa6b7ac2343] - page.onError - stack:
  (anonymous function) (http://localhost:8081/lib/angular/angular.js:14516)

  phantomjs://platform/console++.js:263 in error
[ERROR - 2017-11-02T08:01:32.099Z] Session [0731b790-bfa4-11e7-a935-cfa6b7ac2343] - page.onError - msg: undefined is not a function (evaluating 'id.date_added.startsWith($scope.yearToShow)')
http://localhost:8081/app/js/main.controller.js:83

  phantomjs://platform/console++.js:263 in error
[ERROR - 2017-11-02T08:01:32.100Z] Session [0731b790-bfa4-11e7-a935-cfa6b7ac2343] - page.onError - stack:
  (anonymous function) (http://localhost:8081/lib/angular/angular.js:14516)

  phantomjs://platform/console++.js:263 in error
[INFO  - 2017-11-02T08:01:32.950Z] ShutdownReqHand - _handle - About to shutdown
Nov 02, 2017 10:01:34 AM org.openqa.selenium.phantomjs.PhantomJSDriverService <init>
INFO: executable: /home/seven/Work/geokogud2/phantomjs/phantomjs-2.1.1-linux-x86_64/bin/phantomjs
Nov 02, 2017 10:01:34 AM org.openqa.selenium.phantomjs.PhantomJSDriverService <init>
INFO: port: 27488
Nov 02, 2017 10:01:34 AM org.openqa.selenium.phantomjs.PhantomJSDriverService <init>
INFO: arguments: [--webdriver=27488, --webdriver-logfile=/home/seven/Work/geokogud2/phantomjsdriver.log]
Nov 02, 2017 10:01:34 AM org.openqa.selenium.phantomjs.PhantomJSDriverService <init>
INFO: environment: {}
[INFO  - 2017-11-02T08:01:35.355Z] GhostDriver - Main - running on port 27488
[INFO  - 2017-11-02T08:01:35.627Z] Session [0c136970-bfa4-11e7-af1f-f74ed05af9cd] - page.settings - {"XSSAuditingEnabled":false,"javascriptCanCloseWindows":true,"javascriptCanOpenWindows":true,"javascriptEnabled":true,"loadImages":true,"localToRemoteUrlAccessEnabled":false,"userAgent":"Mozilla/5.0 (Unknown; Linux x86_64) AppleWebKit/538.1 (KHTML, like Gecko) PhantomJS/2.1.1 Safari/538.1","webSecurityEnabled":true}
[INFO  - 2017-11-02T08:01:35.627Z] Session [0c136970-bfa4-11e7-af1f-f74ed05af9cd] - page.customHeaders:  - {}
[INFO  - 2017-11-02T08:01:35.627Z] Session [0c136970-bfa4-11e7-af1f-f74ed05af9cd] - Session.negotiatedCapabilities - {"browserName":"phantomjs","version":"2.1.1","driverName":"ghostdriver","driverVersion":"1.2.0","platform":"linux-unknown-64bit","javascriptEnabled":true,"takesScreenshot":true,"handlesAlerts":false,"databaseEnabled":false,"locationContextEnabled":false,"applicationCacheEnabled":false,"browserConnectionEnabled":false,"cssSelectorsEnabled":true,"webStorageEnabled":false,"rotatable":false,"acceptSslCerts":false,"nativeEvents":true,"proxy":{"proxyType":"direct"}}
[INFO  - 2017-11-02T08:01:35.627Z] SessionManagerReqHand - _postNewSessionCommand - New Session Created: 0c136970-bfa4-11e7-af1f-f74ed05af9cd
[ERROR - 2017-11-02T08:01:37.035Z] Session [0c136970-bfa4-11e7-af1f-f74ed05af9cd] - page.onError - msg: undefined is not a function (evaluating 'id.date_added.startsWith($scope.yearToShow)')
http://localhost:8081/app/js/main.controller.js:83

  phantomjs://platform/console++.js:263 in error
[ERROR - 2017-11-02T08:01:37.035Z] Session [0c136970-bfa4-11e7-af1f-f74ed05af9cd] - page.onError - stack:
  (anonymous function) (http://localhost:8081/lib/angular/angular.js:14516)

  phantomjs://platform/console++.js:263 in error
[ERROR - 2017-11-02T08:01:37.042Z] Session [0c136970-bfa4-11e7-af1f-f74ed05af9cd] - page.onError - msg: undefined is not a function (evaluating 'id.date_added.startsWith($scope.yearToShow)')
http://localhost:8081/app/js/main.controller.js:83

  phantomjs://platform/console++.js:263 in error
[ERROR - 2017-11-02T08:01:37.042Z] Session [0c136970-bfa4-11e7-af1f-f74ed05af9cd] - page.onError - stack:
  (anonymous function) (http://localhost:8081/lib/angular/angular.js:14516)

  phantomjs://platform/console++.js:263 in error
[ERROR - 2017-11-02T08:01:37.048Z] Session [0c136970-bfa4-11e7-af1f-f74ed05af9cd] - page.onError - msg: undefined is not a function (evaluating 'id.date_added.startsWith($scope.yearToShow)')
http://localhost:8081/app/js/main.controller.js:83

  phantomjs://platform/console++.js:263 in error
[ERROR - 2017-11-02T08:01:37.048Z] Session [0c136970-bfa4-11e7-af1f-f74ed05af9cd] - page.onError - stack:
  (anonymous function) (http://localhost:8081/lib/angular/angular.js:14516)

  phantomjs://platform/console++.js:263 in error
[ERROR - 2017-11-02T08:01:37.052Z] Session [0c136970-bfa4-11e7-af1f-f74ed05af9cd] - page.onError - msg: undefined is not a function (evaluating 'id.date_added.startsWith($scope.yearToShow)')
http://localhost:8081/app/js/main.controller.js:83

  phantomjs://platform/console++.js:263 in error
[ERROR - 2017-11-02T08:01:37.052Z] Session [0c136970-bfa4-11e7-af1f-f74ed05af9cd] - page.onError - stack:
  (anonymous function) (http://localhost:8081/lib/angular/angular.js:14516)

  phantomjs://platform/console++.js:263 in error
[ERROR - 2017-11-02T08:01:37.268Z] Session [0c136970-bfa4-11e7-af1f-f74ed05af9cd] - page.onError - msg: undefined is not a function (evaluating 'id.date_added.startsWith($scope.yearToShow)')
http://localhost:8081/app/js/main.controller.js:83

  phantomjs://platform/console++.js:263 in error
[ERROR - 2017-11-02T08:01:37.268Z] Session [0c136970-bfa4-11e7-af1f-f74ed05af9cd] - page.onError - stack:
  (anonymous function) (http://localhost:8081/lib/angular/angular.js:14516)

  phantomjs://platform/console++.js:263 in error
[ERROR - 2017-11-02T08:01:37.274Z] Session [0c136970-bfa4-11e7-af1f-f74ed05af9cd] - page.onError - msg: undefined is not a function (evaluating 'id.date_added.startsWith($scope.yearToShow)')
http://localhost:8081/app/js/main.controller.js:83

  phantomjs://platform/console++.js:263 in error
[ERROR - 2017-11-02T08:01:37.274Z] Session [0c136970-bfa4-11e7-af1f-f74ed05af9cd] - page.onError - stack:
  (anonymous function) (http://localhost:8081/lib/angular/angular.js:14516)

  phantomjs://platform/console++.js:263 in error
[INFO  - 2017-11-02T08:01:38.008Z] ShutdownReqHand - _handle - About to shutdown
Nov 02, 2017 10:01:38 AM org.openqa.selenium.phantomjs.PhantomJSDriverService <init>
INFO: executable: /home/seven/Work/geokogud2/phantomjs/phantomjs-2.1.1-linux-x86_64/bin/phantomjs
Nov 02, 2017 10:01:38 AM org.openqa.selenium.phantomjs.PhantomJSDriverService <init>
INFO: port: 28896
Nov 02, 2017 10:01:38 AM org.openqa.selenium.phantomjs.PhantomJSDriverService <init>
INFO: arguments: [--webdriver=28896, --webdriver-logfile=/home/seven/Work/geokogud2/phantomjsdriver.log]
Nov 02, 2017 10:01:38 AM org.openqa.selenium.phantomjs.PhantomJSDriverService <init>
INFO: environment: {}
[INFO  - 2017-11-02T08:01:38.137Z] GhostDriver - Main - running on port 28896
[INFO  - 2017-11-02T08:01:38.208Z] Session [0d9d3dc0-bfa4-11e7-9c5e-b1651f7c987d] - page.settings - {"XSSAuditingEnabled":false,"javascriptCanCloseWindows":true,"javascriptCanOpenWindows":true,"javascriptEnabled":true,"loadImages":true,"localToRemoteUrlAccessEnabled":false,"userAgent":"Mozilla/5.0 (Unknown; Linux x86_64) AppleWebKit/538.1 (KHTML, like Gecko) PhantomJS/2.1.1 Safari/538.1","webSecurityEnabled":true}
[INFO  - 2017-11-02T08:01:38.208Z] Session [0d9d3dc0-bfa4-11e7-9c5e-b1651f7c987d] - page.customHeaders:  - {}
[INFO  - 2017-11-02T08:01:38.208Z] Session [0d9d3dc0-bfa4-11e7-9c5e-b1651f7c987d] - Session.negotiatedCapabilities - {"browserName":"phantomjs","version":"2.1.1","driverName":"ghostdriver","driverVersion":"1.2.0","platform":"linux-unknown-64bit","javascriptEnabled":true,"takesScreenshot":true,"handlesAlerts":false,"databaseEnabled":false,"locationContextEnabled":false,"applicationCacheEnabled":false,"browserConnectionEnabled":false,"cssSelectorsEnabled":true,"webStorageEnabled":false,"rotatable":false,"acceptSslCerts":false,"nativeEvents":true,"proxy":{"proxyType":"direct"}}
[INFO  - 2017-11-02T08:01:38.208Z] SessionManagerReqHand - _postNewSessionCommand - New Session Created: 0d9d3dc0-bfa4-11e7-9c5e-b1651f7c987d
[ERROR - 2017-11-02T08:01:39.307Z] Session [0d9d3dc0-bfa4-11e7-9c5e-b1651f7c987d] - page.onError - msg: undefined is not a function (evaluating 'id.date_added.startsWith($scope.yearToShow)')
http://localhost:8081/app/js/main.controller.js:83

  phantomjs://platform/console++.js:263 in error
[ERROR - 2017-11-02T08:01:39.307Z] Session [0d9d3dc0-bfa4-11e7-9c5e-b1651f7c987d] - page.onError - stack:
  (anonymous function) (http://localhost:8081/lib/angular/angular.js:14516)

  phantomjs://platform/console++.js:263 in error
[ERROR - 2017-11-02T08:01:39.312Z] Session [0d9d3dc0-bfa4-11e7-9c5e-b1651f7c987d] - page.onError - msg: undefined is not a function (evaluating 'id.date_added.startsWith($scope.yearToShow)')
http://localhost:8081/app/js/main.controller.js:83

  phantomjs://platform/console++.js:263 in error
[ERROR - 2017-11-02T08:01:39.312Z] Session [0d9d3dc0-bfa4-11e7-9c5e-b1651f7c987d] - page.onError - stack:
  (anonymous function) (http://localhost:8081/lib/angular/angular.js:14516)

  phantomjs://platform/console++.js:263 in error
[ERROR - 2017-11-02T08:01:39.318Z] Session [0d9d3dc0-bfa4-11e7-9c5e-b1651f7c987d] - page.onError - msg: undefined is not a function (evaluating 'id.date_added.startsWith($scope.yearToShow)')
http://localhost:8081/app/js/main.controller.js:83

  phantomjs://platform/console++.js:263 in error
[ERROR - 2017-11-02T08:01:39.319Z] Session [0d9d3dc0-bfa4-11e7-9c5e-b1651f7c987d] - page.onError - stack:
  (anonymous function) (http://localhost:8081/lib/angular/angular.js:14516)

  phantomjs://platform/console++.js:263 in error
[ERROR - 2017-11-02T08:01:39.322Z] Session [0d9d3dc0-bfa4-11e7-9c5e-b1651f7c987d] - page.onError - msg: undefined is not a function (evaluating 'id.date_added.startsWith($scope.yearToShow)')
http://localhost:8081/app/js/main.controller.js:83

  phantomjs://platform/console++.js:263 in error
[ERROR - 2017-11-02T08:01:39.322Z] Session [0d9d3dc0-bfa4-11e7-9c5e-b1651f7c987d] - page.onError - stack:
  (anonymous function) (http://localhost:8081/lib/angular/angular.js:14516)

  phantomjs://platform/console++.js:263 in error
[ERROR - 2017-11-02T08:01:39.557Z] Session [0d9d3dc0-bfa4-11e7-9c5e-b1651f7c987d] - page.onError - msg: undefined is not a function (evaluating 'id.date_added.startsWith($scope.yearToShow)')
http://localhost:8081/app/js/main.controller.js:83

  phantomjs://platform/console++.js:263 in error
[ERROR - 2017-11-02T08:01:39.558Z] Session [0d9d3dc0-bfa4-11e7-9c5e-b1651f7c987d] - page.onError - stack:
  (anonymous function) (http://localhost:8081/lib/angular/angular.js:14516)

  phantomjs://platform/console++.js:263 in error
[ERROR - 2017-11-02T08:01:39.563Z] Session [0d9d3dc0-bfa4-11e7-9c5e-b1651f7c987d] - page.onError - msg: undefined is not a function (evaluating 'id.date_added.startsWith($scope.yearToShow)')
http://localhost:8081/app/js/main.controller.js:83

  phantomjs://platform/console++.js:263 in error
[ERROR - 2017-11-02T08:01:39.563Z] Session [0d9d3dc0-bfa4-11e7-9c5e-b1651f7c987d] - page.onError - stack:
  (anonymous function) (http://localhost:8081/lib/angular/angular.js:14516)

  phantomjs://platform/console++.js:263 in error
[INFO  - 2017-11-02T08:01:40.336Z] ShutdownReqHand - _handle - About to shutdown
Nov 02, 2017 10:01:40 AM org.openqa.selenium.phantomjs.PhantomJSDriverService <init>
INFO: executable: /home/seven/Work/geokogud2/phantomjs/phantomjs-2.1.1-linux-x86_64/bin/phantomjs
Nov 02, 2017 10:01:40 AM org.openqa.selenium.phantomjs.PhantomJSDriverService <init>
INFO: port: 21515
Nov 02, 2017 10:01:40 AM org.openqa.selenium.phantomjs.PhantomJSDriverService <init>
INFO: arguments: [--webdriver=21515, --webdriver-logfile=/home/seven/Work/geokogud2/phantomjsdriver.log]
Nov 02, 2017 10:01:40 AM org.openqa.selenium.phantomjs.PhantomJSDriverService <init>
INFO: environment: {}
[INFO  - 2017-11-02T08:01:40.473Z] GhostDriver - Main - running on port 21515
[INFO  - 2017-11-02T08:01:40.545Z] Session [0f0161a0-bfa4-11e7-89b9-3dca05193705] - page.settings - {"XSSAuditingEnabled":false,"javascriptCanCloseWindows":true,"javascriptCanOpenWindows":true,"javascriptEnabled":true,"loadImages":true,"localToRemoteUrlAccessEnabled":false,"userAgent":"Mozilla/5.0 (Unknown; Linux x86_64) AppleWebKit/538.1 (KHTML, like Gecko) PhantomJS/2.1.1 Safari/538.1","webSecurityEnabled":true}
[INFO  - 2017-11-02T08:01:40.545Z] Session [0f0161a0-bfa4-11e7-89b9-3dca05193705] - page.customHeaders:  - {}
[INFO  - 2017-11-02T08:01:40.545Z] Session [0f0161a0-bfa4-11e7-89b9-3dca05193705] - Session.negotiatedCapabilities - {"browserName":"phantomjs","version":"2.1.1","driverName":"ghostdriver","driverVersion":"1.2.0","platform":"linux-unknown-64bit","javascriptEnabled":true,"takesScreenshot":true,"handlesAlerts":false,"databaseEnabled":false,"locationContextEnabled":false,"applicationCacheEnabled":false,"browserConnectionEnabled":false,"cssSelectorsEnabled":true,"webStorageEnabled":false,"rotatable":false,"acceptSslCerts":false,"nativeEvents":true,"proxy":{"proxyType":"direct"}}
[INFO  - 2017-11-02T08:01:40.545Z] SessionManagerReqHand - _postNewSessionCommand - New Session Created: 0f0161a0-bfa4-11e7-89b9-3dca05193705
[ERROR - 2017-11-02T08:01:41.651Z] Session [0f0161a0-bfa4-11e7-89b9-3dca05193705] - page.onError - msg: undefined is not a function (evaluating 'id.date_added.startsWith($scope.yearToShow)')
http://localhost:8081/app/js/main.controller.js:83

  phantomjs://platform/console++.js:263 in error
[ERROR - 2017-11-02T08:01:41.651Z] Session [0f0161a0-bfa4-11e7-89b9-3dca05193705] - page.onError - stack:
  (anonymous function) (http://localhost:8081/lib/angular/angular.js:14516)

  phantomjs://platform/console++.js:263 in error
[ERROR - 2017-11-02T08:01:41.658Z] Session [0f0161a0-bfa4-11e7-89b9-3dca05193705] - page.onError - msg: undefined is not a function (evaluating 'id.date_added.startsWith($scope.yearToShow)')
http://localhost:8081/app/js/main.controller.js:83

  phantomjs://platform/console++.js:263 in error
[ERROR - 2017-11-02T08:01:41.658Z] Session [0f0161a0-bfa4-11e7-89b9-3dca05193705] - page.onError - stack:
  (anonymous function) (http://localhost:8081/lib/angular/angular.js:14516)

  phantomjs://platform/console++.js:263 in error
[ERROR - 2017-11-02T08:01:41.666Z] Session [0f0161a0-bfa4-11e7-89b9-3dca05193705] - page.onError - msg: undefined is not a function (evaluating 'id.date_added.startsWith($scope.yearToShow)')
http://localhost:8081/app/js/main.controller.js:83

  phantomjs://platform/console++.js:263 in error
[ERROR - 2017-11-02T08:01:41.666Z] Session [0f0161a0-bfa4-11e7-89b9-3dca05193705] - page.onError - stack:
  (anonymous function) (http://localhost:8081/lib/angular/angular.js:14516)

  phantomjs://platform/console++.js:263 in error
[ERROR - 2017-11-02T08:01:41.670Z] Session [0f0161a0-bfa4-11e7-89b9-3dca05193705] - page.onError - msg: undefined is not a function (evaluating 'id.date_added.startsWith($scope.yearToShow)')
http://localhost:8081/app/js/main.controller.js:83

  phantomjs://platform/console++.js:263 in error
[ERROR - 2017-11-02T08:01:41.670Z] Session [0f0161a0-bfa4-11e7-89b9-3dca05193705] - page.onError - stack:
  (anonymous function) (http://localhost:8081/lib/angular/angular.js:14516)

  phantomjs://platform/console++.js:263 in error
[ERROR - 2017-11-02T08:01:41.894Z] Session [0f0161a0-bfa4-11e7-89b9-3dca05193705] - page.onError - msg: undefined is not a function (evaluating 'id.date_added.startsWith($scope.yearToShow)')
http://localhost:8081/app/js/main.controller.js:83

  phantomjs://platform/console++.js:263 in error
[ERROR - 2017-11-02T08:01:41.895Z] Session [0f0161a0-bfa4-11e7-89b9-3dca05193705] - page.onError - stack:
  (anonymous function) (http://localhost:8081/lib/angular/angular.js:14516)

  phantomjs://platform/console++.js:263 in error
[ERROR - 2017-11-02T08:01:41.901Z] Session [0f0161a0-bfa4-11e7-89b9-3dca05193705] - page.onError - msg: undefined is not a function (evaluating 'id.date_added.startsWith($scope.yearToShow)')
http://localhost:8081/app/js/main.controller.js:83

  phantomjs://platform/console++.js:263 in error
[ERROR - 2017-11-02T08:01:41.901Z] Session [0f0161a0-bfa4-11e7-89b9-3dca05193705] - page.onError - stack:
  (anonymous function) (http://localhost:8081/lib/angular/angular.js:14516)

  phantomjs://platform/console++.js:263 in error
[INFO  - 2017-11-02T08:01:42.972Z] ShutdownReqHand - _handle - About to shutdown
Nov 02, 2017 10:01:42 AM org.openqa.selenium.phantomjs.PhantomJSDriverService <init>
INFO: executable: /home/seven/Work/geokogud2/phantomjs/phantomjs-2.1.1-linux-x86_64/bin/phantomjs
Nov 02, 2017 10:01:42 AM org.openqa.selenium.phantomjs.PhantomJSDriverService <init>
INFO: port: 24729
Nov 02, 2017 10:01:42 AM org.openqa.selenium.phantomjs.PhantomJSDriverService <init>
INFO: arguments: [--webdriver=24729, --webdriver-logfile=/home/seven/Work/geokogud2/phantomjsdriver.log]
Nov 02, 2017 10:01:42 AM org.openqa.selenium.phantomjs.PhantomJSDriverService <init>
INFO: environment: {}
[INFO  - 2017-11-02T08:01:43.149Z] GhostDriver - Main - running on port 24729
[INFO  - 2017-11-02T08:01:43.165Z] Session [10917780-bfa4-11e7-87b2-ef37b478f54d] - page.settings - {"XSSAuditingEnabled":false,"javascriptCanCloseWindows":true,"javascriptCanOpenWindows":true,"javascriptEnabled":true,"loadImages":true,"localToRemoteUrlAccessEnabled":false,"userAgent":"Mozilla/5.0 (Unknown; Linux x86_64) AppleWebKit/538.1 (KHTML, like Gecko) PhantomJS/2.1.1 Safari/538.1","webSecurityEnabled":true}
[INFO  - 2017-11-02T08:01:43.165Z] Session [10917780-bfa4-11e7-87b2-ef37b478f54d] - page.customHeaders:  - {}
[INFO  - 2017-11-02T08:01:43.165Z] Session [10917780-bfa4-11e7-87b2-ef37b478f54d] - Session.negotiatedCapabilities - {"browserName":"phantomjs","version":"2.1.1","driverName":"ghostdriver","driverVersion":"1.2.0","platform":"linux-unknown-64bit","javascriptEnabled":true,"takesScreenshot":true,"handlesAlerts":false,"databaseEnabled":false,"locationContextEnabled":false,"applicationCacheEnabled":false,"browserConnectionEnabled":false,"cssSelectorsEnabled":true,"webStorageEnabled":false,"rotatable":false,"acceptSslCerts":false,"nativeEvents":true,"proxy":{"proxyType":"direct"}}
[INFO  - 2017-11-02T08:01:43.166Z] SessionManagerReqHand - _postNewSessionCommand - New Session Created: 10917780-bfa4-11e7-87b2-ef37b478f54d
[ERROR - 2017-11-02T08:01:44.335Z] Session [10917780-bfa4-11e7-87b2-ef37b478f54d] - page.onError - msg: undefined is not a function (evaluating 'id.date_added.startsWith($scope.yearToShow)')
http://localhost:8081/app/js/main.controller.js:83

  phantomjs://platform/console++.js:263 in error
[ERROR - 2017-11-02T08:01:44.335Z] Session [10917780-bfa4-11e7-87b2-ef37b478f54d] - page.onError - stack:
  (anonymous function) (http://localhost:8081/lib/angular/angular.js:14516)

  phantomjs://platform/console++.js:263 in error
[ERROR - 2017-11-02T08:01:44.341Z] Session [10917780-bfa4-11e7-87b2-ef37b478f54d] - page.onError - msg: undefined is not a function (evaluating 'id.date_added.startsWith($scope.yearToShow)')
http://localhost:8081/app/js/main.controller.js:83

  phantomjs://platform/console++.js:263 in error
[ERROR - 2017-11-02T08:01:44.341Z] Session [10917780-bfa4-11e7-87b2-ef37b478f54d] - page.onError - stack:
  (anonymous function) (http://localhost:8081/lib/angular/angular.js:14516)

  phantomjs://platform/console++.js:263 in error
[ERROR - 2017-11-02T08:01:44.346Z] Session [10917780-bfa4-11e7-87b2-ef37b478f54d] - page.onError - msg: undefined is not a function (evaluating 'id.date_added.startsWith($scope.yearToShow)')
http://localhost:8081/app/js/main.controller.js:83

  phantomjs://platform/console++.js:263 in error
[ERROR - 2017-11-02T08:01:44.347Z] Session [10917780-bfa4-11e7-87b2-ef37b478f54d] - page.onError - stack:
  (anonymous function) (http://localhost:8081/lib/angular/angular.js:14516)

  phantomjs://platform/console++.js:263 in error
[ERROR - 2017-11-02T08:01:44.350Z] Session [10917780-bfa4-11e7-87b2-ef37b478f54d] - page.onError - msg: undefined is not a function (evaluating 'id.date_added.startsWith($scope.yearToShow)')
http://localhost:8081/app/js/main.controller.js:83

  phantomjs://platform/console++.js:263 in error
[ERROR - 2017-11-02T08:01:44.350Z] Session [10917780-bfa4-11e7-87b2-ef37b478f54d] - page.onError - stack:
  (anonymous function) (http://localhost:8081/lib/angular/angular.js:14516)

  phantomjs://platform/console++.js:263 in error
[ERROR - 2017-11-02T08:01:44.569Z] Session [10917780-bfa4-11e7-87b2-ef37b478f54d] - page.onError - msg: undefined is not a function (evaluating 'id.date_added.startsWith($scope.yearToShow)')
http://localhost:8081/app/js/main.controller.js:83

  phantomjs://platform/console++.js:263 in error
[ERROR - 2017-11-02T08:01:44.570Z] Session [10917780-bfa4-11e7-87b2-ef37b478f54d] - page.onError - stack:
  (anonymous function) (http://localhost:8081/lib/angular/angular.js:14516)

  phantomjs://platform/console++.js:263 in error
[ERROR - 2017-11-02T08:01:44.575Z] Session [10917780-bfa4-11e7-87b2-ef37b478f54d] - page.onError - msg: undefined is not a function (evaluating 'id.date_added.startsWith($scope.yearToShow)')
http://localhost:8081/app/js/main.controller.js:83

  phantomjs://platform/console++.js:263 in error
[ERROR - 2017-11-02T08:01:44.575Z] Session [10917780-bfa4-11e7-87b2-ef37b478f54d] - page.onError - stack:
  (anonymous function) (http://localhost:8081/lib/angular/angular.js:14516)

  phantomjs://platform/console++.js:263 in error
[ERROR - 2017-11-02T08:01:44.793Z] Session [10917780-bfa4-11e7-87b2-ef37b478f54d] - page.onError - msg: undefined is not a function (evaluating 'id.date_added.startsWith($scope.yearToShow)')
http://localhost:8081/app/js/main.controller.js:83

  phantomjs://platform/console++.js:263 in error
[ERROR - 2017-11-02T08:01:44.793Z] Session [10917780-bfa4-11e7-87b2-ef37b478f54d] - page.onError - stack:
  (anonymous function) (http://localhost:8081/lib/angular/angular.js:14516)

  phantomjs://platform/console++.js:263 in error
[INFO  - 2017-11-02T08:01:45.343Z] ShutdownReqHand - _handle - About to shutdown
Nov 02, 2017 10:01:45 AM org.openqa.selenium.phantomjs.PhantomJSDriverService <init>
INFO: executable: /home/seven/Work/geokogud2/phantomjs/phantomjs-2.1.1-linux-x86_64/bin/phantomjs
Nov 02, 2017 10:01:45 AM org.openqa.selenium.phantomjs.PhantomJSDriverService <init>
INFO: port: 30235
Nov 02, 2017 10:01:45 AM org.openqa.selenium.phantomjs.PhantomJSDriverService <init>
INFO: arguments: [--webdriver=30235, --webdriver-logfile=/home/seven/Work/geokogud2/phantomjsdriver.log]
Nov 02, 2017 10:01:45 AM org.openqa.selenium.phantomjs.PhantomJSDriverService <init>
INFO: environment: {}
[INFO  - 2017-11-02T08:01:45.487Z] GhostDriver - Main - running on port 30235
[INFO  - 2017-11-02T08:01:45.549Z] Session [11fd3c80-bfa4-11e7-8358-f133e26dfee2] - page.settings - {"XSSAuditingEnabled":false,"javascriptCanCloseWindows":true,"javascriptCanOpenWindows":true,"javascriptEnabled":true,"loadImages":true,"localToRemoteUrlAccessEnabled":false,"userAgent":"Mozilla/5.0 (Unknown; Linux x86_64) AppleWebKit/538.1 (KHTML, like Gecko) PhantomJS/2.1.1 Safari/538.1","webSecurityEnabled":true}
[INFO  - 2017-11-02T08:01:45.549Z] Session [11fd3c80-bfa4-11e7-8358-f133e26dfee2] - page.customHeaders:  - {}
[INFO  - 2017-11-02T08:01:45.549Z] Session [11fd3c80-bfa4-11e7-8358-f133e26dfee2] - Session.negotiatedCapabilities - {"browserName":"phantomjs","version":"2.1.1","driverName":"ghostdriver","driverVersion":"1.2.0","platform":"linux-unknown-64bit","javascriptEnabled":true,"takesScreenshot":true,"handlesAlerts":false,"databaseEnabled":false,"locationContextEnabled":false,"applicationCacheEnabled":false,"browserConnectionEnabled":false,"cssSelectorsEnabled":true,"webStorageEnabled":false,"rotatable":false,"acceptSslCerts":false,"nativeEvents":true,"proxy":{"proxyType":"direct"}}
[INFO  - 2017-11-02T08:01:45.550Z] SessionManagerReqHand - _postNewSessionCommand - New Session Created: 11fd3c80-bfa4-11e7-8358-f133e26dfee2
[ERROR - 2017-11-02T08:01:46.607Z] Session [11fd3c80-bfa4-11e7-8358-f133e26dfee2] - page.onError - msg: undefined is not a function (evaluating 'id.date_added.startsWith($scope.yearToShow)')
http://localhost:8081/app/js/main.controller.js:83

  phantomjs://platform/console++.js:263 in error
[ERROR - 2017-11-02T08:01:46.607Z] Session [11fd3c80-bfa4-11e7-8358-f133e26dfee2] - page.onError - stack:
  (anonymous function) (http://localhost:8081/lib/angular/angular.js:14516)

  phantomjs://platform/console++.js:263 in error
[ERROR - 2017-11-02T08:01:46.614Z] Session [11fd3c80-bfa4-11e7-8358-f133e26dfee2] - page.onError - msg: undefined is not a function (evaluating 'id.date_added.startsWith($scope.yearToShow)')
http://localhost:8081/app/js/main.controller.js:83

  phantomjs://platform/console++.js:263 in error
[ERROR - 2017-11-02T08:01:46.615Z] Session [11fd3c80-bfa4-11e7-8358-f133e26dfee2] - page.onError - stack:
  (anonymous function) (http://localhost:8081/lib/angular/angular.js:14516)

  phantomjs://platform/console++.js:263 in error
[ERROR - 2017-11-02T08:01:46.621Z] Session [11fd3c80-bfa4-11e7-8358-f133e26dfee2] - page.onError - msg: undefined is not a function (evaluating 'id.date_added.startsWith($scope.yearToShow)')
http://localhost:8081/app/js/main.controller.js:83

  phantomjs://platform/console++.js:263 in error
[ERROR - 2017-11-02T08:01:46.621Z] Session [11fd3c80-bfa4-11e7-8358-f133e26dfee2] - page.onError - stack:
  (anonymous function) (http://localhost:8081/lib/angular/angular.js:14516)

  phantomjs://platform/console++.js:263 in error
[ERROR - 2017-11-02T08:01:46.626Z] Session [11fd3c80-bfa4-11e7-8358-f133e26dfee2] - page.onError - msg: undefined is not a function (evaluating 'id.date_added.startsWith($scope.yearToShow)')
http://localhost:8081/app/js/main.controller.js:83

  phantomjs://platform/console++.js:263 in error
[ERROR - 2017-11-02T08:01:46.627Z] Session [11fd3c80-bfa4-11e7-8358-f133e26dfee2] - page.onError - stack:
  (anonymous function) (http://localhost:8081/lib/angular/angular.js:14516)

  phantomjs://platform/console++.js:263 in error
[ERROR - 2017-11-02T08:01:46.864Z] Session [11fd3c80-bfa4-11e7-8358-f133e26dfee2] - page.onError - msg: undefined is not a function (evaluating 'id.date_added.startsWith($scope.yearToShow)')
http://localhost:8081/app/js/main.controller.js:83

  phantomjs://platform/console++.js:263 in error
[ERROR - 2017-11-02T08:01:46.864Z] Session [11fd3c80-bfa4-11e7-8358-f133e26dfee2] - page.onError - stack:
  (anonymous function) (http://localhost:8081/lib/angular/angular.js:14516)

  phantomjs://platform/console++.js:263 in error
[ERROR - 2017-11-02T08:01:46.870Z] Session [11fd3c80-bfa4-11e7-8358-f133e26dfee2] - page.onError - msg: undefined is not a function (evaluating 'id.date_added.startsWith($scope.yearToShow)')
http://localhost:8081/app/js/main.controller.js:83

  phantomjs://platform/console++.js:263 in error
[ERROR - 2017-11-02T08:01:46.870Z] Session [11fd3c80-bfa4-11e7-8358-f133e26dfee2] - page.onError - stack:
  (anonymous function) (http://localhost:8081/lib/angular/angular.js:14516)

  phantomjs://platform/console++.js:263 in error
[INFO  - 2017-11-02T08:01:47.690Z] ShutdownReqHand - _handle - About to shutdown
Nov 02, 2017 10:01:47 AM org.openqa.selenium.phantomjs.PhantomJSDriverService <init>
INFO: executable: /home/seven/Work/geokogud2/phantomjs/phantomjs-2.1.1-linux-x86_64/bin/phantomjs
Nov 02, 2017 10:01:47 AM org.openqa.selenium.phantomjs.PhantomJSDriverService <init>
INFO: port: 1737
Nov 02, 2017 10:01:47 AM org.openqa.selenium.phantomjs.PhantomJSDriverService <init>
INFO: arguments: [--webdriver=1737, --webdriver-logfile=/home/seven/Work/geokogud2/phantomjsdriver.log]
Nov 02, 2017 10:01:47 AM org.openqa.selenium.phantomjs.PhantomJSDriverService <init>
INFO: environment: {}
[INFO  - 2017-11-02T08:01:47.924Z] GhostDriver - Main - running on port 1737
[INFO  - 2017-11-02T08:01:47.994Z] Session [13722940-bfa4-11e7-8664-b73afe9f42d3] - page.settings - {"XSSAuditingEnabled":false,"javascriptCanCloseWindows":true,"javascriptCanOpenWindows":true,"javascriptEnabled":true,"loadImages":true,"localToRemoteUrlAccessEnabled":false,"userAgent":"Mozilla/5.0 (Unknown; Linux x86_64) AppleWebKit/538.1 (KHTML, like Gecko) PhantomJS/2.1.1 Safari/538.1","webSecurityEnabled":true}
[INFO  - 2017-11-02T08:01:47.994Z] Session [13722940-bfa4-11e7-8664-b73afe9f42d3] - page.customHeaders:  - {}
[INFO  - 2017-11-02T08:01:47.995Z] Session [13722940-bfa4-11e7-8664-b73afe9f42d3] - Session.negotiatedCapabilities - {"browserName":"phantomjs","version":"2.1.1","driverName":"ghostdriver","driverVersion":"1.2.0","platform":"linux-unknown-64bit","javascriptEnabled":true,"takesScreenshot":true,"handlesAlerts":false,"databaseEnabled":false,"locationContextEnabled":false,"applicationCacheEnabled":false,"browserConnectionEnabled":false,"cssSelectorsEnabled":true,"webStorageEnabled":false,"rotatable":false,"acceptSslCerts":false,"nativeEvents":true,"proxy":{"proxyType":"direct"}}
[INFO  - 2017-11-02T08:01:47.995Z] SessionManagerReqHand - _postNewSessionCommand - New Session Created: 13722940-bfa4-11e7-8664-b73afe9f42d3
[ERROR - 2017-11-02T08:01:49.071Z] Session [13722940-bfa4-11e7-8664-b73afe9f42d3] - page.onError - msg: undefined is not a function (evaluating 'id.date_added.startsWith($scope.yearToShow)')
http://localhost:8081/app/js/main.controller.js:83

  phantomjs://platform/console++.js:263 in error
[ERROR - 2017-11-02T08:01:49.072Z] Session [13722940-bfa4-11e7-8664-b73afe9f42d3] - page.onError - stack:
  (anonymous function) (http://localhost:8081/lib/angular/angular.js:14516)

  phantomjs://platform/console++.js:263 in error
[ERROR - 2017-11-02T08:01:49.077Z] Session [13722940-bfa4-11e7-8664-b73afe9f42d3] - page.onError - msg: undefined is not a function (evaluating 'id.date_added.startsWith($scope.yearToShow)')
http://localhost:8081/app/js/main.controller.js:83

  phantomjs://platform/console++.js:263 in error
[ERROR - 2017-11-02T08:01:49.077Z] Session [13722940-bfa4-11e7-8664-b73afe9f42d3] - page.onError - stack:
  (anonymous function) (http://localhost:8081/lib/angular/angular.js:14516)

  phantomjs://platform/console++.js:263 in error
[ERROR - 2017-11-02T08:01:49.082Z] Session [13722940-bfa4-11e7-8664-b73afe9f42d3] - page.onError - msg: undefined is not a function (evaluating 'id.date_added.startsWith($scope.yearToShow)')
http://localhost:8081/app/js/main.controller.js:83

  phantomjs://platform/console++.js:263 in error
[ERROR - 2017-11-02T08:01:49.083Z] Session [13722940-bfa4-11e7-8664-b73afe9f42d3] - page.onError - stack:
  (anonymous function) (http://localhost:8081/lib/angular/angular.js:14516)

  phantomjs://platform/console++.js:263 in error
[ERROR - 2017-11-02T08:01:49.086Z] Session [13722940-bfa4-11e7-8664-b73afe9f42d3] - page.onError - msg: undefined is not a function (evaluating 'id.date_added.startsWith($scope.yearToShow)')
http://localhost:8081/app/js/main.controller.js:83

  phantomjs://platform/console++.js:263 in error
[ERROR - 2017-11-02T08:01:49.086Z] Session [13722940-bfa4-11e7-8664-b73afe9f42d3] - page.onError - stack:
  (anonymous function) (http://localhost:8081/lib/angular/angular.js:14516)

  phantomjs://platform/console++.js:263 in error
[INFO  - 2017-11-02T08:01:49.228Z] ShutdownReqHand - _handle - About to shutdown
Nov 02, 2017 10:01:49 AM org.openqa.selenium.phantomjs.PhantomJSDriverService <init>
INFO: executable: /home/seven/Work/geokogud2/phantomjs/phantomjs-2.1.1-linux-x86_64/bin/phantomjs
Nov 02, 2017 10:01:49 AM org.openqa.selenium.phantomjs.PhantomJSDriverService <init>
INFO: port: 25760
Nov 02, 2017 10:01:49 AM org.openqa.selenium.phantomjs.PhantomJSDriverService <init>
INFO: arguments: [--webdriver=25760, --webdriver-logfile=/home/seven/Work/geokogud2/phantomjsdriver.log]
Nov 02, 2017 10:01:49 AM org.openqa.selenium.phantomjs.PhantomJSDriverService <init>
INFO: environment: {}
[INFO  - 2017-11-02T08:01:49.348Z] GhostDriver - Main - running on port 25760
[INFO  - 2017-11-02T08:01:49.424Z] Session [144c5ca0-bfa4-11e7-aa8c-f58ef8339e8b] - page.settings - {"XSSAuditingEnabled":false,"javascriptCanCloseWindows":true,"javascriptCanOpenWindows":true,"javascriptEnabled":true,"loadImages":true,"localToRemoteUrlAccessEnabled":false,"userAgent":"Mozilla/5.0 (Unknown; Linux x86_64) AppleWebKit/538.1 (KHTML, like Gecko) PhantomJS/2.1.1 Safari/538.1","webSecurityEnabled":true}
[INFO  - 2017-11-02T08:01:49.424Z] Session [144c5ca0-bfa4-11e7-aa8c-f58ef8339e8b] - page.customHeaders:  - {}
[INFO  - 2017-11-02T08:01:49.424Z] Session [144c5ca0-bfa4-11e7-aa8c-f58ef8339e8b] - Session.negotiatedCapabilities - {"browserName":"phantomjs","version":"2.1.1","driverName":"ghostdriver","driverVersion":"1.2.0","platform":"linux-unknown-64bit","javascriptEnabled":true,"takesScreenshot":true,"handlesAlerts":false,"databaseEnabled":false,"locationContextEnabled":false,"applicationCacheEnabled":false,"browserConnectionEnabled":false,"cssSelectorsEnabled":true,"webStorageEnabled":false,"rotatable":false,"acceptSslCerts":false,"nativeEvents":true,"proxy":{"proxyType":"direct"}}
[INFO  - 2017-11-02T08:01:49.424Z] SessionManagerReqHand - _postNewSessionCommand - New Session Created: 144c5ca0-bfa4-11e7-aa8c-f58ef8339e8b
[ERROR - 2017-11-02T08:01:50.445Z] Session [144c5ca0-bfa4-11e7-aa8c-f58ef8339e8b] - page.onError - msg: undefined is not a function (evaluating 'id.date_added.startsWith($scope.yearToShow)')
http://localhost:8081/app/js/main.controller.js:83

  phantomjs://platform/console++.js:263 in error
[ERROR - 2017-11-02T08:01:50.446Z] Session [144c5ca0-bfa4-11e7-aa8c-f58ef8339e8b] - page.onError - stack:
  (anonymous function) (http://localhost:8081/lib/angular/angular.js:14516)

  phantomjs://platform/console++.js:263 in error
[ERROR - 2017-11-02T08:01:50.451Z] Session [144c5ca0-bfa4-11e7-aa8c-f58ef8339e8b] - page.onError - msg: undefined is not a function (evaluating 'id.date_added.startsWith($scope.yearToShow)')
http://localhost:8081/app/js/main.controller.js:83

  phantomjs://platform/console++.js:263 in error
[ERROR - 2017-11-02T08:01:50.451Z] Session [144c5ca0-bfa4-11e7-aa8c-f58ef8339e8b] - page.onError - stack:
  (anonymous function) (http://localhost:8081/lib/angular/angular.js:14516)

  phantomjs://platform/console++.js:263 in error
[ERROR - 2017-11-02T08:01:50.457Z] Session [144c5ca0-bfa4-11e7-aa8c-f58ef8339e8b] - page.onError - msg: undefined is not a function (evaluating 'id.date_added.startsWith($scope.yearToShow)')
http://localhost:8081/app/js/main.controller.js:83

  phantomjs://platform/console++.js:263 in error
[ERROR - 2017-11-02T08:01:50.458Z] Session [144c5ca0-bfa4-11e7-aa8c-f58ef8339e8b] - page.onError - stack:
  (anonymous function) (http://localhost:8081/lib/angular/angular.js:14516)

  phantomjs://platform/console++.js:263 in error
[ERROR - 2017-11-02T08:01:50.463Z] Session [144c5ca0-bfa4-11e7-aa8c-f58ef8339e8b] - page.onError - msg: undefined is not a function (evaluating 'id.date_added.startsWith($scope.yearToShow)')
http://localhost:8081/app/js/main.controller.js:83

  phantomjs://platform/console++.js:263 in error
[ERROR - 2017-11-02T08:01:50.463Z] Session [144c5ca0-bfa4-11e7-aa8c-f58ef8339e8b] - page.onError - stack:
  (anonymous function) (http://localhost:8081/lib/angular/angular.js:14516)

  phantomjs://platform/console++.js:263 in error
[ERROR - 2017-11-02T08:01:50.468Z] Session [144c5ca0-bfa4-11e7-aa8c-f58ef8339e8b] - page.onError - msg: undefined is not a function (evaluating 'id.date_added.startsWith($scope.yearToShow)')
http://localhost:8081/app/js/main.controller.js:83

  phantomjs://platform/console++.js:263 in error
[ERROR - 2017-11-02T08:01:50.468Z] Session [144c5ca0-bfa4-11e7-aa8c-f58ef8339e8b] - page.onError - stack:
  (anonymous function) (http://localhost:8081/lib/angular/angular.js:14516)

  phantomjs://platform/console++.js:263 in error
[ERROR - 2017-11-02T08:01:50.471Z] Session [144c5ca0-bfa4-11e7-aa8c-f58ef8339e8b] - page.onError - msg: undefined is not a function (evaluating 'id.date_added.startsWith($scope.yearToShow)')
http://localhost:8081/app/js/main.controller.js:83

  phantomjs://platform/console++.js:263 in error
[ERROR - 2017-11-02T08:01:50.471Z] Session [144c5ca0-bfa4-11e7-aa8c-f58ef8339e8b] - page.onError - stack:
  (anonymous function) (http://localhost:8081/lib/angular/angular.js:14516)

  phantomjs://platform/console++.js:263 in error
[ERROR - 2017-11-02T08:01:50.694Z] Session [144c5ca0-bfa4-11e7-aa8c-f58ef8339e8b] - page.onError - msg: undefined is not a function (evaluating 'id.date_added.startsWith($scope.yearToShow)')
http://localhost:8081/app/js/main.controller.js:83

  phantomjs://platform/console++.js:263 in error
[ERROR - 2017-11-02T08:01:50.694Z] Session [144c5ca0-bfa4-11e7-aa8c-f58ef8339e8b] - page.onError - stack:
  (anonymous function) (http://localhost:8081/lib/angular/angular.js:14516)

  phantomjs://platform/console++.js:263 in error
[ERROR - 2017-11-02T08:01:50.728Z] Session [144c5ca0-bfa4-11e7-aa8c-f58ef8339e8b] - page.onError - msg: undefined is not a function (evaluating 'id.date_added.startsWith($scope.yearToShow)')
http://localhost:8081/app/js/main.controller.js:83

  phantomjs://platform/console++.js:263 in error
[ERROR - 2017-11-02T08:01:50.729Z] Session [144c5ca0-bfa4-11e7-aa8c-f58ef8339e8b] - page.onError - stack:
  (anonymous function) (http://localhost:8081/lib/angular/angular.js:14516)

  phantomjs://platform/console++.js:263 in error
[ERROR - 2017-11-02T08:01:50.736Z] Session [144c5ca0-bfa4-11e7-aa8c-f58ef8339e8b] - page.onError - msg: undefined is not a function (evaluating 'id.date_added.startsWith($scope.yearToShow)')
http://localhost:8081/app/js/main.controller.js:83

  phantomjs://platform/console++.js:263 in error
[ERROR - 2017-11-02T08:01:50.737Z] Session [144c5ca0-bfa4-11e7-aa8c-f58ef8339e8b] - page.onError - stack:
  (anonymous function) (http://localhost:8081/lib/angular/angular.js:14516)

  phantomjs://platform/console++.js:263 in error
[ERROR - 2017-11-02T08:01:51.158Z] Session [144c5ca0-bfa4-11e7-aa8c-f58ef8339e8b] - page.onError - msg: undefined is not a function (evaluating 'id.date_added.startsWith($scope.yearToShow)')
http://localhost:8081/app/js/main.controller.js:83

  phantomjs://platform/console++.js:263 in error
[ERROR - 2017-11-02T08:01:51.158Z] Session [144c5ca0-bfa4-11e7-aa8c-f58ef8339e8b] - page.onError - stack:
  (anonymous function) (http://localhost:8081/lib/angular/angular.js:14516)

  phantomjs://platform/console++.js:263 in error
[ERROR - 2017-11-02T08:01:51.164Z] Session [144c5ca0-bfa4-11e7-aa8c-f58ef8339e8b] - page.onError - msg: undefined is not a function (evaluating 'id.date_added.startsWith($scope.yearToShow)')
http://localhost:8081/app/js/main.controller.js:83

  phantomjs://platform/console++.js:263 in error
[ERROR - 2017-11-02T08:01:51.165Z] Session [144c5ca0-bfa4-11e7-aa8c-f58ef8339e8b] - page.onError - stack:
  (anonymous function) (http://localhost:8081/lib/angular/angular.js:14516)

  phantomjs://platform/console++.js:263 in error
[INFO  - 2017-11-02T08:01:51.441Z] ShutdownReqHand - _handle - About to shutdown
Nov 02, 2017 10:01:51 AM org.openqa.selenium.phantomjs.PhantomJSDriverService <init>
INFO: executable: /home/seven/Work/geokogud2/phantomjs/phantomjs-2.1.1-linux-x86_64/bin/phantomjs
Nov 02, 2017 10:01:51 AM org.openqa.selenium.phantomjs.PhantomJSDriverService <init>
INFO: port: 4037
Nov 02, 2017 10:01:51 AM org.openqa.selenium.phantomjs.PhantomJSDriverService <init>
INFO: arguments: [--webdriver=4037, --webdriver-logfile=/home/seven/Work/geokogud2/phantomjsdriver.log]
Nov 02, 2017 10:01:51 AM org.openqa.selenium.phantomjs.PhantomJSDriverService <init>
INFO: environment: {}
[INFO  - 2017-11-02T08:01:51.560Z] GhostDriver - Main - running on port 4037
[INFO  - 2017-11-02T08:01:51.638Z] Session [159e5810-bfa4-11e7-9897-ffbb90f91e7a] - page.settings - {"XSSAuditingEnabled":false,"javascriptCanCloseWindows":true,"javascriptCanOpenWindows":true,"javascriptEnabled":true,"loadImages":true,"localToRemoteUrlAccessEnabled":false,"userAgent":"Mozilla/5.0 (Unknown; Linux x86_64) AppleWebKit/538.1 (KHTML, like Gecko) PhantomJS/2.1.1 Safari/538.1","webSecurityEnabled":true}
[INFO  - 2017-11-02T08:01:51.638Z] Session [159e5810-bfa4-11e7-9897-ffbb90f91e7a] - page.customHeaders:  - {}
[INFO  - 2017-11-02T08:01:51.638Z] Session [159e5810-bfa4-11e7-9897-ffbb90f91e7a] - Session.negotiatedCapabilities - {"browserName":"phantomjs","version":"2.1.1","driverName":"ghostdriver","driverVersion":"1.2.0","platform":"linux-unknown-64bit","javascriptEnabled":true,"takesScreenshot":true,"handlesAlerts":false,"databaseEnabled":false,"locationContextEnabled":false,"applicationCacheEnabled":false,"browserConnectionEnabled":false,"cssSelectorsEnabled":true,"webStorageEnabled":false,"rotatable":false,"acceptSslCerts":false,"nativeEvents":true,"proxy":{"proxyType":"direct"}}
[INFO  - 2017-11-02T08:01:51.638Z] SessionManagerReqHand - _postNewSessionCommand - New Session Created: 159e5810-bfa4-11e7-9897-ffbb90f91e7a
[ERROR - 2017-11-02T08:01:52.709Z] Session [159e5810-bfa4-11e7-9897-ffbb90f91e7a] - page.onError - msg: undefined is not a function (evaluating 'id.date_added.startsWith($scope.yearToShow)')
http://localhost:8081/app/js/main.controller.js:83

  phantomjs://platform/console++.js:263 in error
[ERROR - 2017-11-02T08:01:52.710Z] Session [159e5810-bfa4-11e7-9897-ffbb90f91e7a] - page.onError - stack:
  (anonymous function) (http://localhost:8081/lib/angular/angular.js:14516)

  phantomjs://platform/console++.js:263 in error
[ERROR - 2017-11-02T08:01:52.715Z] Session [159e5810-bfa4-11e7-9897-ffbb90f91e7a] - page.onError - msg: undefined is not a function (evaluating 'id.date_added.startsWith($scope.yearToShow)')
http://localhost:8081/app/js/main.controller.js:83

  phantomjs://platform/console++.js:263 in error
[ERROR - 2017-11-02T08:01:52.715Z] Session [159e5810-bfa4-11e7-9897-ffbb90f91e7a] - page.onError - stack:
  (anonymous function) (http://localhost:8081/lib/angular/angular.js:14516)

  phantomjs://platform/console++.js:263 in error
[ERROR - 2017-11-02T08:01:52.720Z] Session [159e5810-bfa4-11e7-9897-ffbb90f91e7a] - page.onError - msg: undefined is not a function (evaluating 'id.date_added.startsWith($scope.yearToShow)')
http://localhost:8081/app/js/main.controller.js:83

  phantomjs://platform/console++.js:263 in error
[ERROR - 2017-11-02T08:01:52.720Z] Session [159e5810-bfa4-11e7-9897-ffbb90f91e7a] - page.onError - stack:
  (anonymous function) (http://localhost:8081/lib/angular/angular.js:14516)

  phantomjs://platform/console++.js:263 in error
[ERROR - 2017-11-02T08:01:52.725Z] Session [159e5810-bfa4-11e7-9897-ffbb90f91e7a] - page.onError - msg: undefined is not a function (evaluating 'id.date_added.startsWith($scope.yearToShow)')
http://localhost:8081/app/js/main.controller.js:83

  phantomjs://platform/console++.js:263 in error
[ERROR - 2017-11-02T08:01:52.725Z] Session [159e5810-bfa4-11e7-9897-ffbb90f91e7a] - page.onError - stack:
  (anonymous function) (http://localhost:8081/lib/angular/angular.js:14516)

  phantomjs://platform/console++.js:263 in error
[ERROR - 2017-11-02T08:01:52.980Z] Session [159e5810-bfa4-11e7-9897-ffbb90f91e7a] - page.onError - msg: undefined is not a function (evaluating 'id.date_added.startsWith($scope.yearToShow)')
http://localhost:8081/app/js/main.controller.js:83

  phantomjs://platform/console++.js:263 in error
[ERROR - 2017-11-02T08:01:52.980Z] Session [159e5810-bfa4-11e7-9897-ffbb90f91e7a] - page.onError - stack:
  (anonymous function) (http://localhost:8081/lib/angular/angular.js:14516)

  phantomjs://platform/console++.js:263 in error
[ERROR - 2017-11-02T08:01:52.996Z] Session [159e5810-bfa4-11e7-9897-ffbb90f91e7a] - page.onError - msg: undefined is not a function (evaluating 'id.date_added.startsWith($scope.yearToShow)')
http://localhost:8081/app/js/main.controller.js:83

  phantomjs://platform/console++.js:263 in error
[ERROR - 2017-11-02T08:01:52.996Z] Session [159e5810-bfa4-11e7-9897-ffbb90f91e7a] - page.onError - stack:
  (anonymous function) (http://localhost:8081/lib/angular/angular.js:14516)

  phantomjs://platform/console++.js:263 in error
[ERROR - 2017-11-02T08:01:52.999Z] Session [159e5810-bfa4-11e7-9897-ffbb90f91e7a] - page.onError - msg: undefined is not a function (evaluating 'id.date_added.startsWith($scope.yearToShow)')
http://localhost:8081/app/js/main.controller.js:83

  phantomjs://platform/console++.js:263 in error
[ERROR - 2017-11-02T08:01:53.000Z] Session [159e5810-bfa4-11e7-9897-ffbb90f91e7a] - page.onError - stack:
  (anonymous function) (http://localhost:8081/lib/angular/angular.js:14516)

  phantomjs://platform/console++.js:263 in error
[ERROR - 2017-11-02T08:01:53.225Z] Session [159e5810-bfa4-11e7-9897-ffbb90f91e7a] - page.onError - msg: undefined is not a function (evaluating 'id.date_added.startsWith($scope.yearToShow)')
http://localhost:8081/app/js/main.controller.js:83

  phantomjs://platform/console++.js:263 in error
[ERROR - 2017-11-02T08:01:53.225Z] Session [159e5810-bfa4-11e7-9897-ffbb90f91e7a] - page.onError - stack:
  (anonymous function) (http://localhost:8081/lib/angular/angular.js:14516)

  phantomjs://platform/console++.js:263 in error
[INFO  - 2017-11-02T08:02:05.903Z] ShutdownReqHand - _handle - About to shutdown
Nov 02, 2017 10:02:06 AM org.openqa.selenium.phantomjs.PhantomJSDriverService <init>
INFO: executable: /home/seven/Work/geokogud2/phantomjs/phantomjs-2.1.1-linux-x86_64/bin/phantomjs
Nov 02, 2017 10:02:06 AM org.openqa.selenium.phantomjs.PhantomJSDriverService <init>
INFO: port: 16508
Nov 02, 2017 10:02:06 AM org.openqa.selenium.phantomjs.PhantomJSDriverService <init>
INFO: arguments: [--webdriver=16508, --webdriver-logfile=/home/seven/Work/geokogud2/phantomjsdriver.log]
Nov 02, 2017 10:02:06 AM org.openqa.selenium.phantomjs.PhantomJSDriverService <init>
INFO: environment: {}
[INFO  - 2017-11-02T08:02:07.508Z] GhostDriver - Main - running on port 16508
[INFO  - 2017-11-02T08:02:07.619Z] Session [1f2500f0-bfa4-11e7-b697-c9e5962b6519] - page.settings - {"XSSAuditingEnabled":false,"javascriptCanCloseWindows":true,"javascriptCanOpenWindows":true,"javascriptEnabled":true,"loadImages":true,"localToRemoteUrlAccessEnabled":false,"userAgent":"Mozilla/5.0 (Unknown; Linux x86_64) AppleWebKit/538.1 (KHTML, like Gecko) PhantomJS/2.1.1 Safari/538.1","webSecurityEnabled":true}
[INFO  - 2017-11-02T08:02:07.619Z] Session [1f2500f0-bfa4-11e7-b697-c9e5962b6519] - page.customHeaders:  - {}
[INFO  - 2017-11-02T08:02:07.619Z] Session [1f2500f0-bfa4-11e7-b697-c9e5962b6519] - Session.negotiatedCapabilities - {"browserName":"phantomjs","version":"2.1.1","driverName":"ghostdriver","driverVersion":"1.2.0","platform":"linux-unknown-64bit","javascriptEnabled":true,"takesScreenshot":true,"handlesAlerts":false,"databaseEnabled":false,"locationContextEnabled":false,"applicationCacheEnabled":false,"browserConnectionEnabled":false,"cssSelectorsEnabled":true,"webStorageEnabled":false,"rotatable":false,"acceptSslCerts":false,"nativeEvents":true,"proxy":{"proxyType":"direct"}}
[INFO  - 2017-11-02T08:02:07.619Z] SessionManagerReqHand - _postNewSessionCommand - New Session Created: 1f2500f0-bfa4-11e7-b697-c9e5962b6519
[ERROR - 2017-11-02T08:02:09.128Z] Session [1f2500f0-bfa4-11e7-b697-c9e5962b6519] - page.onError - msg: undefined is not a function (evaluating 'id.date_added.startsWith($scope.yearToShow)')
http://localhost:8081/app/js/main.controller.js:83

  phantomjs://platform/console++.js:263 in error
[ERROR - 2017-11-02T08:02:09.129Z] Session [1f2500f0-bfa4-11e7-b697-c9e5962b6519] - page.onError - stack:
  (anonymous function) (http://localhost:8081/lib/angular/angular.js:14516)

  phantomjs://platform/console++.js:263 in error
[ERROR - 2017-11-02T08:02:09.135Z] Session [1f2500f0-bfa4-11e7-b697-c9e5962b6519] - page.onError - msg: undefined is not a function (evaluating 'id.date_added.startsWith($scope.yearToShow)')
http://localhost:8081/app/js/main.controller.js:83

  phantomjs://platform/console++.js:263 in error
[ERROR - 2017-11-02T08:02:09.135Z] Session [1f2500f0-bfa4-11e7-b697-c9e5962b6519] - page.onError - stack:
  (anonymous function) (http://localhost:8081/lib/angular/angular.js:14516)

  phantomjs://platform/console++.js:263 in error
[ERROR - 2017-11-02T08:02:09.141Z] Session [1f2500f0-bfa4-11e7-b697-c9e5962b6519] - page.onError - msg: undefined is not a function (evaluating 'id.date_added.startsWith($scope.yearToShow)')
http://localhost:8081/app/js/main.controller.js:83

  phantomjs://platform/console++.js:263 in error
[ERROR - 2017-11-02T08:02:09.141Z] Session [1f2500f0-bfa4-11e7-b697-c9e5962b6519] - page.onError - stack:
  (anonymous function) (http://localhost:8081/lib/angular/angular.js:14516)

  phantomjs://platform/console++.js:263 in error
[ERROR - 2017-11-02T08:02:09.145Z] Session [1f2500f0-bfa4-11e7-b697-c9e5962b6519] - page.onError - msg: undefined is not a function (evaluating 'id.date_added.startsWith($scope.yearToShow)')
http://localhost:8081/app/js/main.controller.js:83

  phantomjs://platform/console++.js:263 in error
[ERROR - 2017-11-02T08:02:09.145Z] Session [1f2500f0-bfa4-11e7-b697-c9e5962b6519] - page.onError - stack:
  (anonymous function) (http://localhost:8081/lib/angular/angular.js:14516)

  phantomjs://platform/console++.js:263 in error
[ERROR - 2017-11-02T08:02:09.367Z] Session [1f2500f0-bfa4-11e7-b697-c9e5962b6519] - page.onError - msg: undefined is not a function (evaluating 'id.date_added.startsWith($scope.yearToShow)')
http://localhost:8081/app/js/main.controller.js:83

  phantomjs://platform/console++.js:263 in error
[ERROR - 2017-11-02T08:02:09.368Z] Session [1f2500f0-bfa4-11e7-b697-c9e5962b6519] - page.onError - stack:
  (anonymous function) (http://localhost:8081/lib/angular/angular.js:14516)

  phantomjs://platform/console++.js:263 in error
[ERROR - 2017-11-02T08:02:09.373Z] Session [1f2500f0-bfa4-11e7-b697-c9e5962b6519] - page.onError - msg: undefined is not a function (evaluating 'id.date_added.startsWith($scope.yearToShow)')
http://localhost:8081/app/js/main.controller.js:83

  phantomjs://platform/console++.js:263 in error
[ERROR - 2017-11-02T08:02:09.373Z] Session [1f2500f0-bfa4-11e7-b697-c9e5962b6519] - page.onError - stack:
  (anonymous function) (http://localhost:8081/lib/angular/angular.js:14516)

  phantomjs://platform/console++.js:263 in error
[ERROR - 2017-11-02T08:02:09.589Z] Session [1f2500f0-bfa4-11e7-b697-c9e5962b6519] - page.onError - msg: undefined is not a function (evaluating 'id.date_added.startsWith($scope.yearToShow)')
http://localhost:8081/app/js/main.controller.js:83

  phantomjs://platform/console++.js:263 in error
[ERROR - 2017-11-02T08:02:09.589Z] Session [1f2500f0-bfa4-11e7-b697-c9e5962b6519] - page.onError - stack:
  (anonymous function) (http://localhost:8081/lib/angular/angular.js:14516)

  phantomjs://platform/console++.js:263 in error
[INFO  - 2017-11-02T08:02:09.834Z] ShutdownReqHand - _handle - About to shutdown
Nov 02, 2017 10:02:09 AM org.openqa.selenium.phantomjs.PhantomJSDriverService <init>
INFO: executable: /home/seven/Work/geokogud2/phantomjs/phantomjs-2.1.1-linux-x86_64/bin/phantomjs
Nov 02, 2017 10:02:09 AM org.openqa.selenium.phantomjs.PhantomJSDriverService <init>
INFO: port: 4747
Nov 02, 2017 10:02:09 AM org.openqa.selenium.phantomjs.PhantomJSDriverService <init>
INFO: arguments: [--webdriver=4747, --webdriver-logfile=/home/seven/Work/geokogud2/phantomjsdriver.log]
Nov 02, 2017 10:02:09 AM org.openqa.selenium.phantomjs.PhantomJSDriverService <init>
INFO: environment: {}
[INFO  - 2017-11-02T08:02:09.956Z] GhostDriver - Main - running on port 4747
[INFO  - 2017-11-02T08:02:10.025Z] Session [20942150-bfa4-11e7-81ca-797a7f5019c8] - page.settings - {"XSSAuditingEnabled":false,"javascriptCanCloseWindows":true,"javascriptCanOpenWindows":true,"javascriptEnabled":true,"loadImages":true,"localToRemoteUrlAccessEnabled":false,"userAgent":"Mozilla/5.0 (Unknown; Linux x86_64) AppleWebKit/538.1 (KHTML, like Gecko) PhantomJS/2.1.1 Safari/538.1","webSecurityEnabled":true}
[INFO  - 2017-11-02T08:02:10.025Z] Session [20942150-bfa4-11e7-81ca-797a7f5019c8] - page.customHeaders:  - {}
[INFO  - 2017-11-02T08:02:10.025Z] Session [20942150-bfa4-11e7-81ca-797a7f5019c8] - Session.negotiatedCapabilities - {"browserName":"phantomjs","version":"2.1.1","driverName":"ghostdriver","driverVersion":"1.2.0","platform":"linux-unknown-64bit","javascriptEnabled":true,"takesScreenshot":true,"handlesAlerts":false,"databaseEnabled":false,"locationContextEnabled":false,"applicationCacheEnabled":false,"browserConnectionEnabled":false,"cssSelectorsEnabled":true,"webStorageEnabled":false,"rotatable":false,"acceptSslCerts":false,"nativeEvents":true,"proxy":{"proxyType":"direct"}}
[INFO  - 2017-11-02T08:02:10.025Z] SessionManagerReqHand - _postNewSessionCommand - New Session Created: 20942150-bfa4-11e7-81ca-797a7f5019c8
[INFO  - 2017-11-02T08:02:12.196Z] Session [20942150-bfa4-11e7-81ca-797a7f5019c8] - page.settings - {"XSSAuditingEnabled":false,"javascriptCanCloseWindows":true,"javascriptCanOpenWindows":true,"javascriptEnabled":true,"loadImages":true,"localToRemoteUrlAccessEnabled":false,"userAgent":"Mozilla/5.0 (Unknown; Linux x86_64) AppleWebKit/538.1 (KHTML, like Gecko) PhantomJS/2.1.1 Safari/538.1","webSecurityEnabled":true}
[INFO  - 2017-11-02T08:02:12.197Z] Session [20942150-bfa4-11e7-81ca-797a7f5019c8] - page.customHeaders:  - {}
[INFO  - 2017-11-02T08:02:12.923Z] ShutdownReqHand - _handle - About to shutdown
]]></system-err>
</testsuite>
